<?xml version="1.0" encoding="UTF-8"?>
<!-- Generated by org.testng.reporters.JUnitReportReporter -->
<testsuite hostname="MO-DESKTOP-" failures="0" tests="6" name="webpagestest.AuthNewUserTest" time="86.508" errors="0" timestamp="2022-02-13T06:33:32 EET" skipped="0">
  <testcase classname="webpagestest.AuthNewUserTest" name="logintest" time="17.105"/>
  <system-out/>
  <testcase classname="webpagestest.AuthNewUserTest" name="logintest" time="18.810"/>
  <system-out/>
  <testcase classname="webpagestest.AuthNewUserTest" name="emptyentrytest" time="6.148"/>
  <system-out/>
  <testcase classname="webpagestest.AuthNewUserTest" name="emptyentrytest" time="6.022"/>
  <system-out/>
  <testcase classname="webpagestest.AuthNewUserTest" name="invalidentrytest" time="19.431"/>
  <system-out/>
  <testcase classname="webpagestest.AuthNewUserTest" name="invalidentrytest" time="18.992"/>
  <system-out/>
</testsuite> <!-- webpagestest.AuthNewUserTest -->
