<?xml version="1.0" encoding="UTF-8"?>
<!-- Generated by org.testng.reporters.JUnitReportReporter -->
<testsuite hostname="MO-DESKTOP-" failures="0" tests="5" name="webpagestest.ClothesSelectiontest" time="74.738" errors="0" timestamp="2022-02-13T06:37:29 EET" skipped="0">
  <testcase classname="webpagestest.ClothesSelectiontest" name="addtocarttest" time="6.557"/>
  <system-out/>
  <testcase classname="webpagestest.ClothesSelectiontest" name="ProductSelectiontest" time="38.349"/>
  <system-out/>
  <testcase classname="webpagestest.ClothesSelectiontest" name="ProductDescriptiontest" time="17.865"/>
  <system-out/>
  <testcase classname="webpagestest.ClothesSelectiontest" name="emptyentrytest" time="7.615"/>
  <system-out/>
  <testcase classname="webpagestest.ClothesSelectiontest" name="invalidentrytest" time="4.352"/>
  <system-out/>
</testsuite> <!-- webpagestest.ClothesSelectiontest -->
