<?xml version="1.0" encoding="UTF-8"?>
<!-- Generated by org.testng.reporters.JUnitReportReporter -->
<testsuite hostname="MO-DESKTOP-" failures="0" tests="2" name="webpagestest.createnewaccounttest" time="35.319" errors="0" timestamp="2022-02-13T07:38:18 EET" skipped="0">
  <testcase classname="webpagestest.createnewaccounttest" name="createtest" time="21.239"/>
  <system-out/>
  <testcase classname="webpagestest.createnewaccounttest" name="flnametest" time="14.080"/>
  <system-out/>
</testsuite> <!-- webpagestest.createnewaccounttest -->
